<?xml version="1.0" encoding="UTF-8"?>
<!-- Generated by org.testng.reporters.JUnitReportReporter -->
<testsuite hostname="Sanjaypc" failures="0" tests="1" name="com.Testcases.LoginTest" time="9.035" errors="0" timestamp="2025-03-05T11:17:39 IST" skipped="0">
  <testcase classname="com.Testcases.LoginTest" name="logintest" time="9.035"/>
  <system-out/>
</testsuite> <!-- com.Testcases.LoginTest -->
