<?xml version="1.0" encoding="UTF-8"?>
<!-- Generated by org.testng.reporters.JUnitReportReporter -->
<testsuite hostname="Sanjaypc" failures="0" tests="1" name="com.Testcases.LoginTest" time="19.869" errors="0" timestamp="2025-03-06T00:11:33 IST" skipped="0">
  <testcase classname="com.Testcases.LoginTest" name="logintest" time="19.869"/>
</testsuite> <!-- com.Testcases.LoginTest -->
