<?xml version="1.0" encoding="UTF-8"?>
<!-- Generated by org.testng.reporters.JUnitReportReporter -->
<testsuite hostname="Sanjaypc" failures="0" tests="1" name="com.Testcases.LoginTest" time="12.986" errors="0" timestamp="2025-03-06T10:39:03 IST" skipped="0">
  <testcase classname="com.Testcases.LoginTest" name="logintest" time="12.986"/>
</testsuite> <!-- com.Testcases.LoginTest -->
